<html>
<head>
<title>TestNG:  Default test</title>
<link href="../testng.css" rel="stylesheet" type="text/css" />
<link href="../my-testng.css" rel="stylesheet" type="text/css" />

<style type="text/css">
.log { display: none;} 
.stack-trace { display: none;} 
</style>
<script type="text/javascript">
<!--
function flip(e) {
  current = e.style.display;
  if (current == 'block') {
    e.style.display = 'none';
    return 0;
  }
  else {
    e.style.display = 'block';
    return 1;
  }
}

function toggleBox(szDivId, elem, msg1, msg2)
{
  var res = -1;  if (document.getElementById) {
    res = flip(document.getElementById(szDivId));
  }
  else if (document.all) {
    // this is the way old msie versions work
    res = flip(document.all[szDivId]);
  }
  if(elem) {
    if(res == 0) elem.innerHTML = msg1; else elem.innerHTML = msg2;
  }

}

function toggleAllBoxes() {
  if (document.getElementsByTagName) {
    d = document.getElementsByTagName('div');
    for (i = 0; i < d.length; i++) {
      if (d[i].className == 'log') {
        flip(d[i]);
      }
    }
  }
}

// -->
</script>

</head>
<body>
<h2 align='center'>Default test</h2><table border='1' align="center">
<tr>
<td>Tests passed/Failed/Skipped:</td><td>2/4/0</td>
</tr><tr>
<td>Started on:</td><td>Mon Mar 24 20:26:52 IST 2025</td>
</tr>
<tr><td>Total time:</td><td>132 seconds (132352 ms)</td>
</tr><tr>
<td>Included groups:</td><td></td>
</tr><tr>
<td>Excluded groups:</td><td></td>
</tr>
</table><p/>
<small><i>(Hover the method name to see the test class name)</i></small><p/>
<table width='100%' border='1' class='invocation-failed'>
<tr><td colspan='4' align='center'><b>FAILED TESTS</b></td></tr>
<tr><td><b>Test method</b></td>
<td><b>Attribute(s)</b></td>
<td width="30%"><b>Exception</b></td>
<td width="10%"><b>Time (seconds)</b></td>
<td><b>Instance</b></td>
</tr>
<tr>
<td title='testrunner.MyRunner.runScenario()'><b>runScenario</b><br>Test class: testrunner.MyRunner<br>Test method: Runs Cucumber Scenarios<br>Parameters: "Verify user is able to provide search in search field", "Login"</td>
<td><div><pre>org.openqa.selenium.ElementClickInterceptedException: element click intercepted: Element &lt;input class=&quot;header_search_field_input__R0r_M&quot; type=&quot;search&quot; placeholder=&quot;Search by products&quot; value=&quot;&quot;&gt; is not clickable at point (843, 57). Other element would receive the click: &lt;div class=&quot;wzrk-overlay&quot;&gt;&lt;/div&gt;
  (Session info: chrome=134.0.6998.89)
Build info: version: &apos;4.27.0&apos;, revision: &apos;d6e718d134&apos;
System info: os.name: &apos;Windows 10&apos;, os.arch: &apos;amd64&apos;, os.version: &apos;10.0&apos;, java.version: &apos;17.0.4&apos;
Driver info: org.openqa.selenium.chrome.ChromeDriver
Command: [0b59f1eff5d6c7099cc80ff7a6dd8ee2, clickElement {id=f.CDBD19879967D361CE2B2DDC2100482B.d.485E5D8B7AD4B6313F4F64B3D5DB00C2.e.23}]
Capabilities {acceptInsecureCerts: false, browserName: chrome, browserVersion: 134.0.6998.89, chrome: {chromedriverVersion: 134.0.6998.165 (fd886e2cb29..., userDataDir: C:\Users\Shree\AppData\Loca...}, fedcm:accounts: true, goog:chromeOptions: {debuggerAddress: localhost:62910}, networkConnectionEnabled: false, pageLoadStrategy: normal, platformName: windows, proxy: Proxy(), se:cdp: ws://localhost:62910/devtoo..., se:cdpVersion: 134.0.6998.89, setWindowRect: true, strictFileInteractability: false, timeouts: {implicit: 0, pageLoad: 300000, script: 30000}, unhandledPromptBehavior: dismiss and notify, webauthn:extension:credBlob: true, webauthn:extension:largeBlob: true, webauthn:extension:minPinLength: true, webauthn:extension:prf: true, webauthn:virtualAuthenticators: true}
Element: [[ChromeDriver: chrome on windows (0b59f1eff5d6c7099cc80ff7a6dd8ee2)] -&gt; xpath: //input[@placeholder=&apos;Search by products&apos;]]
Session ID: 0b59f1eff5d6c7099cc80ff7a6dd8ee2
	at java.base/jdk.internal.reflect.NativeConstructorAccessorImpl.newInstance0(Native Method)
	at java.base/jdk.internal.reflect.NativeConstructorAccessorImpl.newInstance(NativeConstructorAccessorImpl.java:77)
	at java.base/jdk.internal.reflect.DelegatingConstructorAccessorImpl.newInstance(DelegatingConstructorAccessorImpl.java:45)
	at java.base/java.lang.reflect.Constructor.newInstanceWithCaller(Constructor.java:499)
	at java.base/java.lang.reflect.Constructor.newInstance(Constructor.java:480)
	at org.openqa.selenium.remote.ErrorCodec.decode(ErrorCodec.java:167)
	at org.openqa.selenium.remote.codec.w3c.W3CHttpResponseCodec.decode(W3CHttpResponseCodec.java:138)
	at org.openqa.selenium.remote.codec.w3c.W3CHttpResponseCodec.decode(W3CHttpResponseCodec.java:50)
	at org.openqa.selenium.remote.HttpCommandExecutor.execute(HttpCommandExecutor.java:190)
	at org.openqa.selenium.remote.service.DriverCommandExecutor.invokeExecute(DriverCommandExecutor.java:216)
	at org.openqa.selenium.remote.service.DriverCommandExecutor.execute(DriverCommandExecutor.java:174)
	at org.openqa.selenium.remote.RemoteWebDriver.execute(RemoteWebDriver.java:545)
	at org.openqa.selenium.remote.RemoteWebElement.execute(RemoteWebElement.java:223)
	at org.openqa.selenium.remote.RemoteWebElement.click(RemoteWebElement.java:76)
	at java.base/jdk.internal.reflect.NativeMethodAccessorImpl.invoke0(Native Method)
	at java.base/jdk.internal.reflect.NativeMethodAccessorImpl.invoke(NativeMethodAccessorImpl.java:77)
	at java.base/jdk.internal.reflect.DelegatingMethodAccessorImpl.invoke(DelegatingMethodAccessorImpl.java:43)
	at java.base/java.lang.reflect.Method.invoke(Method.java:568)
	at org.openqa.selenium.support.pagefactory.internal.LocatingElementHandler.invoke(LocatingElementHandler.java:51)
	at jdk.proxy2/jdk.proxy2.$Proxy26.click(Unknown Source)
	at pages.Search.ClickOnSearchField(Search.java:21)
	at stepdefinitions.Login.i_clicked_on_search_button(Login.java:93)
	at ✽.I clicked on search button(file:///C:/Users/Shree/Documents/SeleniumTesting/BewakoofProject/src/test/resources/featuress/Loginapp.feature:33)
</pre></div><a href='#' onClick='toggleBox("stack-trace1639759054", this, "Click to show all stack frames", "Click to hide stack frames")'>Click to show all stack frames</a>
<div class='stack-trace' id='stack-trace1639759054'><pre>org.openqa.selenium.ElementClickInterceptedException: element click intercepted: Element &lt;input class=&quot;header_search_field_input__R0r_M&quot; type=&quot;search&quot; placeholder=&quot;Search by products&quot; value=&quot;&quot;&gt; is not clickable at point (843, 57). Other element would receive the click: &lt;div class=&quot;wzrk-overlay&quot;&gt;&lt;/div&gt;
  (Session info: chrome=134.0.6998.89)
Build info: version: &apos;4.27.0&apos;, revision: &apos;d6e718d134&apos;
System info: os.name: &apos;Windows 10&apos;, os.arch: &apos;amd64&apos;, os.version: &apos;10.0&apos;, java.version: &apos;17.0.4&apos;
Driver info: org.openqa.selenium.chrome.ChromeDriver
Command: [0b59f1eff5d6c7099cc80ff7a6dd8ee2, clickElement {id=f.CDBD19879967D361CE2B2DDC2100482B.d.485E5D8B7AD4B6313F4F64B3D5DB00C2.e.23}]
Capabilities {acceptInsecureCerts: false, browserName: chrome, browserVersion: 134.0.6998.89, chrome: {chromedriverVersion: 134.0.6998.165 (fd886e2cb29..., userDataDir: C:\Users\Shree\AppData\Loca...}, fedcm:accounts: true, goog:chromeOptions: {debuggerAddress: localhost:62910}, networkConnectionEnabled: false, pageLoadStrategy: normal, platformName: windows, proxy: Proxy(), se:cdp: ws://localhost:62910/devtoo..., se:cdpVersion: 134.0.6998.89, setWindowRect: true, strictFileInteractability: false, timeouts: {implicit: 0, pageLoad: 300000, script: 30000}, unhandledPromptBehavior: dismiss and notify, webauthn:extension:credBlob: true, webauthn:extension:largeBlob: true, webauthn:extension:minPinLength: true, webauthn:extension:prf: true, webauthn:virtualAuthenticators: true}
Element: [[ChromeDriver: chrome on windows (0b59f1eff5d6c7099cc80ff7a6dd8ee2)] -&gt; xpath: //input[@placeholder=&apos;Search by products&apos;]]
Session ID: 0b59f1eff5d6c7099cc80ff7a6dd8ee2
	at java.base/jdk.internal.reflect.NativeConstructorAccessorImpl.newInstance0(Native Method)
	at java.base/jdk.internal.reflect.NativeConstructorAccessorImpl.newInstance(NativeConstructorAccessorImpl.java:77)
	at java.base/jdk.internal.reflect.DelegatingConstructorAccessorImpl.newInstance(DelegatingConstructorAccessorImpl.java:45)
	at java.base/java.lang.reflect.Constructor.newInstanceWithCaller(Constructor.java:499)
	at java.base/java.lang.reflect.Constructor.newInstance(Constructor.java:480)
	at org.openqa.selenium.remote.ErrorCodec.decode(ErrorCodec.java:167)
	at org.openqa.selenium.remote.codec.w3c.W3CHttpResponseCodec.decode(W3CHttpResponseCodec.java:138)
	at org.openqa.selenium.remote.codec.w3c.W3CHttpResponseCodec.decode(W3CHttpResponseCodec.java:50)
	at org.openqa.selenium.remote.HttpCommandExecutor.execute(HttpCommandExecutor.java:190)
	at org.openqa.selenium.remote.service.DriverCommandExecutor.invokeExecute(DriverCommandExecutor.java:216)
	at org.openqa.selenium.remote.service.DriverCommandExecutor.execute(DriverCommandExecutor.java:174)
	at org.openqa.selenium.remote.RemoteWebDriver.execute(RemoteWebDriver.java:545)
	at org.openqa.selenium.remote.RemoteWebElement.execute(RemoteWebElement.java:223)
	at org.openqa.selenium.remote.RemoteWebElement.click(RemoteWebElement.java:76)
	at java.base/jdk.internal.reflect.NativeMethodAccessorImpl.invoke0(Native Method)
	at java.base/jdk.internal.reflect.NativeMethodAccessorImpl.invoke(NativeMethodAccessorImpl.java:77)
	at java.base/jdk.internal.reflect.DelegatingMethodAccessorImpl.invoke(DelegatingMethodAccessorImpl.java:43)
	at java.base/java.lang.reflect.Method.invoke(Method.java:568)
	at org.openqa.selenium.support.pagefactory.internal.LocatingElementHandler.invoke(LocatingElementHandler.java:51)
	at jdk.proxy2/jdk.proxy2.$Proxy26.click(Unknown Source)
	at pages.Search.ClickOnSearchField(Search.java:21)
	at stepdefinitions.Login.i_clicked_on_search_button(Login.java:93)
	at ✽.I clicked on search button(file:///C:/Users/Shree/Documents/SeleniumTesting/BewakoofProject/src/test/resources/featuress/Loginapp.feature:33)
</pre></div></td>
<td>15</td>
<td>testrunner.MyRunner@7b205dbd</td></tr>
<tr>
<td title='testrunner.MyRunner.runScenario()'><b>runScenario</b><br>Test class: testrunner.MyRunner<br>Test method: Runs Cucumber Scenarios<br>Parameters: "Verify user is unable to register with too long Mobile Number field.", "Login"</td>
<td><div><pre>java.lang.NullPointerException: Cannot invoke &quot;pages.LoginPage.loginClick()&quot; because &quot;this.login&quot; is null
	at stepdefinitions.Login.i_click_on_login_button(Login.java:68)
	at ✽.I click on Login Button(file:///C:/Users/Shree/Documents/SeleniumTesting/BewakoofProject/src/test/resources/featuress/Loginapp.feature:26)
</pre></div><a href='#' onClick='toggleBox("stack-trace2147002844", this, "Click to show all stack frames", "Click to hide stack frames")'>Click to show all stack frames</a>
<div class='stack-trace' id='stack-trace2147002844'><pre>java.lang.NullPointerException: Cannot invoke &quot;pages.LoginPage.loginClick()&quot; because &quot;this.login&quot; is null
	at stepdefinitions.Login.i_click_on_login_button(Login.java:68)
	at ✽.I click on Login Button(file:///C:/Users/Shree/Documents/SeleniumTesting/BewakoofProject/src/test/resources/featuress/Loginapp.feature:26)
</pre></div></td>
<td>11</td>
<td>testrunner.MyRunner@7b205dbd</td></tr>
<tr>
<td title='testrunner.MyRunner.runScenario()'><b>runScenario</b><br>Test class: testrunner.MyRunner<br>Test method: Runs Cucumber Scenarios<br>Parameters: "Login with invalid credentials", "Login"</td>
<td><div><pre>java.lang.NullPointerException: Cannot invoke &quot;pages.LoginPage.loginClick()&quot; because &quot;this.login&quot; is null
	at stepdefinitions.Login.i_click_on_login_button(Login.java:68)
	at ✽.I click on Login Button(file:///C:/Users/Shree/Documents/SeleniumTesting/BewakoofProject/src/test/resources/featuress/Loginapp.feature:7)
</pre></div><a href='#' onClick='toggleBox("stack-trace1756988236", this, "Click to show all stack frames", "Click to hide stack frames")'>Click to show all stack frames</a>
<div class='stack-trace' id='stack-trace1756988236'><pre>java.lang.NullPointerException: Cannot invoke &quot;pages.LoginPage.loginClick()&quot; because &quot;this.login&quot; is null
	at stepdefinitions.Login.i_click_on_login_button(Login.java:68)
	at ✽.I click on Login Button(file:///C:/Users/Shree/Documents/SeleniumTesting/BewakoofProject/src/test/resources/featuress/Loginapp.feature:7)
</pre></div></td>
<td>10</td>
<td>testrunner.MyRunner@7b205dbd</td></tr>
<tr>
<td title='testrunner.MyRunner.runScenario()'><b>runScenario</b><br>Test class: testrunner.MyRunner<br>Test method: Runs Cucumber Scenarios<br>Parameters: "Verify user is unable to register with an empty Mobile Number field.", "Login"</td>
<td><div><pre>java.lang.NullPointerException: Cannot invoke &quot;pages.LoginPage.loginClick()&quot; because &quot;this.login&quot; is null
	at stepdefinitions.Login.i_click_on_login_button(Login.java:68)
	at ✽.I click on Login Button(file:///C:/Users/Shree/Documents/SeleniumTesting/BewakoofProject/src/test/resources/featuress/Loginapp.feature:17)
</pre></div><a href='#' onClick='toggleBox("stack-trace856047451", this, "Click to show all stack frames", "Click to hide stack frames")'>Click to show all stack frames</a>
<div class='stack-trace' id='stack-trace856047451'><pre>java.lang.NullPointerException: Cannot invoke &quot;pages.LoginPage.loginClick()&quot; because &quot;this.login&quot; is null
	at stepdefinitions.Login.i_click_on_login_button(Login.java:68)
	at ✽.I click on Login Button(file:///C:/Users/Shree/Documents/SeleniumTesting/BewakoofProject/src/test/resources/featuress/Loginapp.feature:17)
</pre></div></td>
<td>10</td>
<td>testrunner.MyRunner@7b205dbd</td></tr>
</table><p>
<table width='100%' border='1' class='invocation-passed'>
<tr><td colspan='4' align='center'><b>PASSED TESTS</b></td></tr>
<tr><td><b>Test method</b></td>
<td><b>Attribute(s)</b></td>
<td width="30%"><b>Exception</b></td>
<td width="10%"><b>Time (seconds)</b></td>
<td><b>Instance</b></td>
</tr>
<tr>
<td title='testrunner.MyRunner.runScenario()'><b>runScenario</b><br>Test class: testrunner.MyRunner<br>Test method: Runs Cucumber Scenarios<br>Parameters: "Verify user is able to click on Subscribe button", "Login"</td>
<td></td>
<td>42</td>
<td>testrunner.MyRunner@7b205dbd</td></tr>
<tr>
<td title='testrunner.MyRunner.runScenario()'><b>runScenario</b><br>Test class: testrunner.MyRunner<br>Test method: Runs Cucumber Scenarios<br>Parameters: "Verify user is able to click on Subscribe button", "Login"</td>
<td></td>
<td>37</td>
<td>testrunner.MyRunner@7b205dbd</td></tr>
</table><p>
</body>
</html>