<?xml version="1.0" encoding="UTF-8"?>
<!-- Generated by org.testng.reporters.JUnitReportReporter -->
<testsuite hostname="DESKTOP-L9361S2" failures="0" tests="6" name="testrunner.MyRunner" time="127.072" errors="4" timestamp="2025-03-24T20:29:05 IST" skipped="0">
  <testcase classname="testrunner.MyRunner" name="runScenario" time="15.545">
    <error message="element click intercepted: Element &lt;input class=&quot;header_search_field_input__R0r_M&quot; type=&quot;search&quot; placeholder=&quot;Search by products&quot; value=&quot;&quot;&gt; is not clickable at point (843, 57). Other element would receive the click: &lt;div class=&quot;wzrk-overlay&quot;&gt;&lt;/div&gt;
  (Session info: chrome=134.0.6998.89)
Build info: version: &#039;4.27.0&#039;, revision: &#039;d6e718d134&#039;
System info: os.name: &#039;Windows 10&#039;, os.arch: &#039;amd64&#039;, os.version: &#039;10.0&#039;, java.version: &#039;17.0.4&#039;
Driver info: org.openqa.selenium.chrome.ChromeDriver
Command: [0b59f1eff5d6c7099cc80ff7a6dd8ee2, clickElement {id=f.CDBD19879967D361CE2B2DDC2100482B.d.485E5D8B7AD4B6313F4F64B3D5DB00C2.e.23}]
Capabilities {acceptInsecureCerts: false, browserName: chrome, browserVersion: 134.0.6998.89, chrome: {chromedriverVersion: 134.0.6998.165 (fd886e2cb29..., userDataDir: C:\Users\Shree\AppData\Loca...}, fedcm:accounts: true, goog:chromeOptions: {debuggerAddress: localhost:62910}, networkConnectionEnabled: false, pageLoadStrategy: normal, platformName: windows, proxy: Proxy(), se:cdp: ws://localhost:62910/devtoo..., se:cdpVersion: 134.0.6998.89, setWindowRect: true, strictFileInteractability: false, timeouts: {implicit: 0, pageLoad: 300000, script: 30000}, unhandledPromptBehavior: dismiss and notify, webauthn:extension:credBlob: true, webauthn:extension:largeBlob: true, webauthn:extension:minPinLength: true, webauthn:extension:prf: true, webauthn:virtualAuthenticators: true}
Element: [[ChromeDriver: chrome on windows (0b59f1eff5d6c7099cc80ff7a6dd8ee2)] -&gt; xpath: //input[@placeholder=&#039;Search by products&#039;]]
Session ID: 0b59f1eff5d6c7099cc80ff7a6dd8ee2" type="org.openqa.selenium.ElementClickInterceptedException">
      <![CDATA[org.openqa.selenium.ElementClickInterceptedException: element click intercepted: Element <input class="header_search_field_input__R0r_M" type="search" placeholder="Search by products" value=""> is not clickable at point (843, 57). Other element would receive the click: <div class="wzrk-overlay"></div>
  (Session info: chrome=134.0.6998.89)
Build info: version: '4.27.0', revision: 'd6e718d134'
System info: os.name: 'Windows 10', os.arch: 'amd64', os.version: '10.0', java.version: '17.0.4'
Driver info: org.openqa.selenium.chrome.ChromeDriver
Command: [0b59f1eff5d6c7099cc80ff7a6dd8ee2, clickElement {id=f.CDBD19879967D361CE2B2DDC2100482B.d.485E5D8B7AD4B6313F4F64B3D5DB00C2.e.23}]
Capabilities {acceptInsecureCerts: false, browserName: chrome, browserVersion: 134.0.6998.89, chrome: {chromedriverVersion: 134.0.6998.165 (fd886e2cb29..., userDataDir: C:\Users\Shree\AppData\Loca...}, fedcm:accounts: true, goog:chromeOptions: {debuggerAddress: localhost:62910}, networkConnectionEnabled: false, pageLoadStrategy: normal, platformName: windows, proxy: Proxy(), se:cdp: ws://localhost:62910/devtoo..., se:cdpVersion: 134.0.6998.89, setWindowRect: true, strictFileInteractability: false, timeouts: {implicit: 0, pageLoad: 300000, script: 30000}, unhandledPromptBehavior: dismiss and notify, webauthn:extension:credBlob: true, webauthn:extension:largeBlob: true, webauthn:extension:minPinLength: true, webauthn:extension:prf: true, webauthn:virtualAuthenticators: true}
Element: [[ChromeDriver: chrome on windows (0b59f1eff5d6c7099cc80ff7a6dd8ee2)] -> xpath: //input[@placeholder='Search by products']]
Session ID: 0b59f1eff5d6c7099cc80ff7a6dd8ee2
at java.base/jdk.internal.reflect.NativeConstructorAccessorImpl.newInstance0(Native Method)
at java.base/jdk.internal.reflect.NativeConstructorAccessorImpl.newInstance(NativeConstructorAccessorImpl.java:77)
at java.base/jdk.internal.reflect.DelegatingConstructorAccessorImpl.newInstance(DelegatingConstructorAccessorImpl.java:45)
at java.base/java.lang.reflect.Constructor.newInstanceWithCaller(Constructor.java:499)
at java.base/java.lang.reflect.Constructor.newInstance(Constructor.java:480)
at org.openqa.selenium.remote.ErrorCodec.decode(ErrorCodec.java:167)
at org.openqa.selenium.remote.codec.w3c.W3CHttpResponseCodec.decode(W3CHttpResponseCodec.java:138)
at org.openqa.selenium.remote.codec.w3c.W3CHttpResponseCodec.decode(W3CHttpResponseCodec.java:50)
at org.openqa.selenium.remote.HttpCommandExecutor.execute(HttpCommandExecutor.java:190)
at org.openqa.selenium.remote.service.DriverCommandExecutor.invokeExecute(DriverCommandExecutor.java:216)
at org.openqa.selenium.remote.service.DriverCommandExecutor.execute(DriverCommandExecutor.java:174)
at org.openqa.selenium.remote.RemoteWebDriver.execute(RemoteWebDriver.java:545)
at org.openqa.selenium.remote.RemoteWebElement.execute(RemoteWebElement.java:223)
at org.openqa.selenium.remote.RemoteWebElement.click(RemoteWebElement.java:76)
at java.base/jdk.internal.reflect.NativeMethodAccessorImpl.invoke0(Native Method)
at java.base/jdk.internal.reflect.NativeMethodAccessorImpl.invoke(NativeMethodAccessorImpl.java:77)
at java.base/jdk.internal.reflect.DelegatingMethodAccessorImpl.invoke(DelegatingMethodAccessorImpl.java:43)
at java.base/java.lang.reflect.Method.invoke(Method.java:568)
at org.openqa.selenium.support.pagefactory.internal.LocatingElementHandler.invoke(LocatingElementHandler.java:51)
at jdk.proxy2/jdk.proxy2.$Proxy26.click(Unknown Source)
at pages.Search.ClickOnSearchField(Search.java:21)
at stepdefinitions.Login.i_clicked_on_search_button(Login.java:93)
at ✽.I clicked on search button(file:///C:/Users/Shree/Documents/SeleniumTesting/BewakoofProject/src/test/resources/featuress/Loginapp.feature:33)
]]>
    </error>
  </testcase> <!-- runScenario -->
  <testcase classname="testrunner.MyRunner" name="runScenario" time="11.520">
    <error message="Cannot invoke &quot;pages.LoginPage.loginClick()&quot; because &quot;this.login&quot; is null" type="java.lang.NullPointerException">
      <![CDATA[java.lang.NullPointerException: Cannot invoke "pages.LoginPage.loginClick()" because "this.login" is null
at stepdefinitions.Login.i_click_on_login_button(Login.java:68)
at ✽.I click on Login Button(file:///C:/Users/Shree/Documents/SeleniumTesting/BewakoofProject/src/test/resources/featuress/Loginapp.feature:26)
]]>
    </error>
  </testcase> <!-- runScenario -->
  <testcase classname="testrunner.MyRunner" name="runScenario" time="10.362">
    <error message="Cannot invoke &quot;pages.LoginPage.loginClick()&quot; because &quot;this.login&quot; is null" type="java.lang.NullPointerException">
      <![CDATA[java.lang.NullPointerException: Cannot invoke "pages.LoginPage.loginClick()" because "this.login" is null
at stepdefinitions.Login.i_click_on_login_button(Login.java:68)
at ✽.I click on Login Button(file:///C:/Users/Shree/Documents/SeleniumTesting/BewakoofProject/src/test/resources/featuress/Loginapp.feature:7)
]]>
    </error>
  </testcase> <!-- runScenario -->
  <testcase classname="testrunner.MyRunner" name="runScenario" time="42.548"/>
  <testcase classname="testrunner.MyRunner" name="runScenario" time="37.003"/>
  <testcase classname="testrunner.MyRunner" name="runScenario" time="10.094">
    <error message="Cannot invoke &quot;pages.LoginPage.loginClick()&quot; because &quot;this.login&quot; is null" type="java.lang.NullPointerException">
      <![CDATA[java.lang.NullPointerException: Cannot invoke "pages.LoginPage.loginClick()" because "this.login" is null
at stepdefinitions.Login.i_click_on_login_button(Login.java:68)
at ✽.I click on Login Button(file:///C:/Users/Shree/Documents/SeleniumTesting/BewakoofProject/src/test/resources/featuress/Loginapp.feature:17)
]]>
    </error>
  </testcase> <!-- runScenario -->
</testsuite> <!-- testrunner.MyRunner -->
